This is pdfTeX, Version 3.14159265-2.6-1.40.21 (TeX Live 2020) (preloaded format=pdflatex 2021.3.10)  8 OCT 2021 14:59
entering extended mode
 restricted \write18 enabled.
 file:line:error style messages enabled.
 %&-line parsing enabled.
**sn-jnl.cls
(./sn-jnl.cls
LaTeX2e <2020-10-01> patch level 4
L3 programming layer <2021-02-18>

LaTeX Warning: You have requested package `',
               but the package provides `sn-jnl'.

Package: sn-jnl 2019/11/18 v0.1: An authoring template for Springer Journal art
icles

./sn-jnl.cls:58: LaTeX Error: Missing \begin{document}.

See the LaTeX manual or LaTeX Companion for explanation.
Type  H <return>  for immediate help.
 ...                                              
                                                  
l.58 \newif\if@
               restonecol
? 
./sn-jnl.cls:58: Emergency stop.
 ...                                              
                                                  
l.58 \newif\if@
               restonecol
You're in trouble here.  Try typing  <return>  to proceed.
If that doesn't work, type  X <return>  to quit.

 
Here is how much of TeX's memory you used:
 22 strings out of 480471
 533 string characters out of 5893437
 279857 words of memory out of 5000000
 17383 multiletter control sequences out of 15000+600000
 403430 words of font info for 27 fonts, out of 8000000 for 9000
 319 hyphenation exceptions out of 8191
 13i,0n,15p,110b,14s stack positions out of 5000i,500n,10000p,200000b,80000s
./sn-jnl.cls:58:  ==> Fatal error occurred, no output PDF file produced!
